Running: C:\Xilinx\14.7\ISE_DS\ISE\bin\nt64\unwrapped\fuse.exe -intstyle ise -incremental -lib unisims_ver -lib unimacro_ver -lib xilinxcorelib_ver -o U:/Documents/EE209Labs/xilinx_tut/mux4_tb_isim_beh.exe -prj U:/Documents/EE209Labs/xilinx_tut/mux4_tb_beh.prj work.mux4_tb work.glbl 
ISim P.20131013 (signature 0x7708f090)
Number of CPUs detected in this system: 2
Turning on mult-threading, number of parallel sub-compilation jobs: 4 
Determining compilation order of HDL files
Analyzing Verilog file "U:/Documents/EE209Labs/xilinx_tut/mux.v" into library work
Analyzing Verilog file "U:/Documents/EE209Labs/xilinx_tut/mux4.v" into library work
Analyzing Verilog file "U:/Documents/EE209Labs/xilinx_tut/mux4_tb.v" into library work
Analyzing Verilog file "C:/Xilinx/14.7/ISE_DS/ISE//verilog/src/glbl.v" into library work
Starting static elaboration
Completed static elaboration
Compiling module mux
Compiling module mux4
Compiling module mux4_tb
Compiling module glbl
Time Resolution for simulation is 1ps.
Waiting for 1 sub-compilation(s) to finish...
Compiled 4 Verilog Units
Built simulation executable U:/Documents/EE209Labs/xilinx_tut/mux4_tb_isim_beh.exe
Fuse Memory Usage: 27952 KB
Fuse CPU Usage: 1375 ms
