Running: fuse.exe -relaunch -intstyle "ise" -incremental -lib "unisims_ver" -lib "unimacro_ver" -lib "xilinxcorelib_ver" -o "U:/Documents/EE209Labs/ping/ping_tb_isim_beh.exe" -prj "U:/Documents/EE209Labs/ping/ping_tb_beh.prj" "work.ping_tb" "work.glbl" 
ISim P.20131013 (signature 0x7708f090)
Number of CPUs detected in this system: 2
Turning on mult-threading, number of parallel sub-compilation jobs: 4 
Determining compilation order of HDL files
Analyzing Verilog file "U:/Documents/EE209Labs/ping/reg8e.v" into library work
Analyzing Verilog file "U:/Documents/EE209Labs/ping/mult16x16.v" into library work
Analyzing Verilog file "U:/Documents/EE209Labs/ping/dff1s.v" into library work
Analyzing Verilog file "U:/Documents/EE209Labs/ping/compeq16.v" into library work
Analyzing Verilog file "U:/Documents/EE209Labs/ping/cntr16ce.v" into library work
Analyzing Verilog file "U:/Documents/EE209Labs/ping/ping.v" into library work
Analyzing Verilog file "U:/Documents/EE209Labs/ping/ping_tb.v" into library work
Analyzing Verilog file "C:/Xilinx/14.7/ISE_DS/ISE//verilog/src/glbl.v" into library work
Starting static elaboration
Completed static elaboration
Compiling module dff1s
Compiling module cntr16ce
Compiling module compeq16
Compiling module mult16x16
Compiling module reg8e
Compiling module ping
Compiling module ping_tb
Compiling module glbl
Time Resolution for simulation is 1ps.
Compiled 8 Verilog Units
Built simulation executable U:/Documents/EE209Labs/ping/ping_tb_isim_beh.exe
Fuse Memory Usage: 29252 KB
Fuse CPU Usage: 655 ms
