--------------------------------------------------------------------------------
Release 14.7 Trace  (nt64)
Copyright (c) 1995-2013 Xilinx, Inc.  All rights reserved.

C:\Xilinx\14.7\ISE_DS\ISE\bin\nt64\unwrapped\trce.exe -intstyle ise -v 3 -s 3
-n 3 -fastpaths -xml heap2_top.twx heap2_top.ncd -o heap2_top.twr heap2_top.pcf
-ucf Nexys3_master.ucf

Design file:              heap2_top.ncd
Physical constraint file: heap2_top.pcf
Device,package,speed:     xc6slx16,csg324,C,-3 (PRODUCTION 1.23 2013-10-13)
Report level:             verbose report

Environment Variable      Effect 
--------------------      ------ 
NONE                      No environment variables were set
--------------------------------------------------------------------------------

INFO:Timing:2698 - No timing constraints found, doing default enumeration.
INFO:Timing:3412 - To improve timing, see the Timing Closure User Guide (UG612).
INFO:Timing:2752 - To get complete path coverage, use the unconstrained paths 
   option. All paths that are not constrained will be reported in the 
   unconstrained paths section(s) of the report.
INFO:Timing:3339 - The clock-to-out numbers in this timing report are based on 
   a 50 Ohm transmission line loading model.  For the details of this model, 
   and for more information on accounting for different loading conditions, 
   please see the device datasheet.



Data Sheet report:
-----------------
All values displayed in nanoseconds (ns)

Setup/Hold to clock CLKPORT
------------+------------+------------+------------+------------+------------------+--------+
            |Max Setup to|  Process   |Max Hold to |  Process   |                  | Clock  |
Source      | clk (edge) |   Corner   | clk (edge) |   Corner   |Internal Clock(s) | Phase  |
------------+------------+------------+------------+------------+------------------+--------+
btn<1>      |    3.015(R)|      SLOW  |   -1.103(R)|      FAST  |CLKPORT_BUFGP     |   0.000|
------------+------------+------------+------------+------------+------------------+--------+

Clock CLKPORT to Pad
------------+-----------------+------------+-----------------+------------+------------------+--------+
            |Max (slowest) clk|  Process   |Min (fastest) clk|  Process   |                  | Clock  |
Destination |  (edge) to PAD  |   Corner   |  (edge) to PAD  |   Corner   |Internal Clock(s) | Phase  |
------------+-----------------+------------+-----------------+------------+------------------+--------+
CA          |        13.513(R)|      SLOW  |         6.218(R)|      FAST  |CLKPORT_BUFGP     |   0.000|
CB          |        13.510(R)|      SLOW  |         6.343(R)|      FAST  |CLKPORT_BUFGP     |   0.000|
CC          |        13.549(R)|      SLOW  |         6.339(R)|      FAST  |CLKPORT_BUFGP     |   0.000|
CD          |        13.315(R)|      SLOW  |         6.300(R)|      FAST  |CLKPORT_BUFGP     |   0.000|
CE          |        13.284(R)|      SLOW  |         6.290(R)|      FAST  |CLKPORT_BUFGP     |   0.000|
CF          |        13.798(R)|      SLOW  |         6.388(R)|      FAST  |CLKPORT_BUFGP     |   0.000|
CG          |        13.471(R)|      SLOW  |         6.411(R)|      FAST  |CLKPORT_BUFGP     |   0.000|
an<0>       |        10.187(R)|      SLOW  |         5.763(R)|      FAST  |CLKPORT_BUFGP     |   0.000|
an<1>       |        10.220(R)|      SLOW  |         5.779(R)|      FAST  |CLKPORT_BUFGP     |   0.000|
an<2>       |        10.244(R)|      SLOW  |         5.750(R)|      FAST  |CLKPORT_BUFGP     |   0.000|
an<3>       |        10.277(R)|      SLOW  |         5.766(R)|      FAST  |CLKPORT_BUFGP     |   0.000|
------------+-----------------+------------+-----------------+------------+------------------+--------+

Clock to Setup on destination clock CLKPORT
---------------+---------+---------+---------+---------+
               | Src:Rise| Src:Fall| Src:Rise| Src:Fall|
Source Clock   |Dest:Rise|Dest:Rise|Dest:Fall|Dest:Fall|
---------------+---------+---------+---------+---------+
CLKPORT        |    1.925|         |         |         |
---------------+---------+---------+---------+---------+


Analysis completed Wed Apr 26 19:12:18 2017 
--------------------------------------------------------------------------------

Trace Settings:
-------------------------
Trace Settings 

Peak Memory Usage: 248 MB



