Release 14.7 - xst P.20131013 (nt64)
Copyright (c) 1995-2013 Xilinx, Inc.  All rights reserved.
--> Parameter TMPDIR set to xst/projnav.tmp


Total REAL time to Xst completion: 0.00 secs
Total CPU time to Xst completion: 0.16 secs
 
--> Parameter xsthdpdir set to xst


Total REAL time to Xst completion: 0.00 secs
Total CPU time to Xst completion: 0.16 secs
 
--> Reading design: mmind_top.prj

TABLE OF CONTENTS
  1) Synthesis Options Summary
  2) HDL Parsing
  3) HDL Elaboration
  4) HDL Synthesis
       4.1) HDL Synthesis Report
  5) Advanced HDL Synthesis
       5.1) Advanced HDL Synthesis Report
  6) Low Level Synthesis
  7) Partition Report
  8) Design Summary
       8.1) Primitive and Black Box Usage
       8.2) Device utilization summary
       8.3) Partition Resource Summary
       8.4) Timing Report
            8.4.1) Clock Information
            8.4.2) Asynchronous Control Signals Information
            8.4.3) Timing Summary
            8.4.4) Timing Details
            8.4.5) Cross Clock Domains Report


=========================================================================
*                      Synthesis Options Summary                        *
=========================================================================
---- Source Parameters
Input File Name                    : "mmind_top.prj"
Ignore Synthesis Constraint File   : NO

---- Target Parameters
Output File Name                   : "mmind_top"
Output Format                      : NGC
Target Device                      : xc6slx16-3-csg324

---- Source Options
Top Module Name                    : mmind_top
Automatic FSM Extraction           : YES
FSM Encoding Algorithm             : Auto
Safe Implementation                : No
FSM Style                          : LUT
RAM Extraction                     : Yes
RAM Style                          : Auto
ROM Extraction                     : Yes
Shift Register Extraction          : YES
ROM Style                          : Auto
Resource Sharing                   : YES
Asynchronous To Synchronous        : NO
Shift Register Minimum Size        : 2
Use DSP Block                      : Auto
Automatic Register Balancing       : No

---- Target Options
LUT Combining                      : Auto
Reduce Control Sets                : Auto
Add IO Buffers                     : YES
Global Maximum Fanout              : 100000
Add Generic Clock Buffer(BUFG)     : 16
Register Duplication               : YES
Optimize Instantiated Primitives   : NO
Use Clock Enable                   : Auto
Use Synchronous Set                : Auto
Use Synchronous Reset              : Auto
Pack IO Registers into IOBs        : Auto
Equivalent register Removal        : YES

---- General Options
Optimization Goal                  : Speed
Optimization Effort                : 1
Power Reduction                    : NO
Keep Hierarchy                     : No
Netlist Hierarchy                  : As_Optimized
RTL Output                         : Yes
Global Optimization                : AllClockNets
Read Cores                         : YES
Write Timing Constraints           : NO
Cross Clock Analysis               : NO
Hierarchy Separator                : /
Bus Delimiter                      : <>
Case Specifier                     : Maintain
Slice Utilization Ratio            : 100
BRAM Utilization Ratio             : 100
DSP48 Utilization Ratio            : 100
Auto BRAM Packing                  : NO
Slice Utilization Ratio Delta      : 5

=========================================================================


=========================================================================
*                          HDL Parsing                                  *
=========================================================================
Analyzing Verilog file "\\vlabfs.vlab.usc.edu\home$\xiaoxida\Documents\EE209Labs\mmind\mux.v" into library work
Parsing module <mux>.
Analyzing Verilog file "\\vlabfs.vlab.usc.edu\home$\xiaoxida\Documents\EE209Labs\mmind\dff1.v" into library work
Parsing module <dff1>.
Analyzing Verilog file "\\vlabfs.vlab.usc.edu\home$\xiaoxida\Documents\EE209Labs\mmind\reg4e.v" into library work
Parsing module <reg4e>.
Analyzing Verilog file "\\vlabfs.vlab.usc.edu\home$\xiaoxida\Documents\EE209Labs\mmind\inc4.v" into library work
Parsing module <inc4>.
Analyzing Verilog file "\\vlabfs.vlab.usc.edu\home$\xiaoxida\Documents\EE209Labs\mmind\sevenseg_decoder.v" into library work
Parsing module <sevenseg_decoder>.
Analyzing Verilog file "\\vlabfs.vlab.usc.edu\home$\xiaoxida\Documents\EE209Labs\mmind\reg8e.v" into library work
Parsing module <reg8e>.
Analyzing Verilog file "\\vlabfs.vlab.usc.edu\home$\xiaoxida\Documents\EE209Labs\mmind\mux8.v" into library work
Parsing module <mux8>.
Analyzing Verilog file "\\vlabfs.vlab.usc.edu\home$\xiaoxida\Documents\EE209Labs\mmind\mmind_fsm.v" into library work
Parsing module <mmind_fsm>.
Analyzing Verilog file "\\vlabfs.vlab.usc.edu\home$\xiaoxida\Documents\EE209Labs\mmind\cntr4.v" into library work
Parsing module <cntr4>.
Analyzing Verilog file "\\vlabfs.vlab.usc.edu\home$\xiaoxida\Documents\EE209Labs\mmind\mmind.v" into library work
Parsing module <mmind>.
Analyzing Verilog file "\\vlabfs.vlab.usc.edu\home$\xiaoxida\Documents\EE209Labs\mmind\mmind_top.v" into library work
Parsing module <mmind_top>.

=========================================================================
*                            HDL Elaboration                            *
=========================================================================

Elaborating module <mmind_top>.
WARNING:HDLCompiler:413 - "\\vlabfs.vlab.usc.edu\home$\xiaoxida\Documents\EE209Labs\mmind\mmind_top.v" Line 47: Result of 24-bit expression is truncated to fit in 23-bit target.

Elaborating module <mmind>.

Elaborating module <sevenseg_decoder>.

Elaborating module <mux8>.

Elaborating module <cntr4>.

Elaborating module <reg4e>.

Elaborating module <mux>.

Elaborating module <dff1>.

Elaborating module <inc4>.

Elaborating module <reg8e>.

Elaborating module <mmind_fsm>.

=========================================================================
*                           HDL Synthesis                               *
=========================================================================

Synthesizing Unit <mmind_top>.
    Related source file is "\\vlabfs.vlab.usc.edu\home$\xiaoxida\Documents\EE209Labs\mmind\mmind_top.v".
WARNING:Xst:647 - Input <btn<2:2>> is never used. This port will be preserved and left unconnected if it belongs to a top-level block or it belongs to a sub-block and the hierarchy of this sub-block is preserved.
WARNING:Xst:647 - Input <btn<4:4>> is never used. This port will be preserved and left unconnected if it belongs to a top-level block or it belongs to a sub-block and the hierarchy of this sub-block is preserved.
    Found 1-bit register for signal <BTN1_Q1>.
    Found 1-bit register for signal <BTN0_Q1>.
    Found 1-bit register for signal <BTN1_Q2>.
    Found 1-bit register for signal <BTN0_Q2>.
    Found 1-bit register for signal <BTN1_ED>.
    Found 1-bit register for signal <BTN0_ED>.
    Found 23-bit register for signal <clk_div>.
    Found 23-bit adder for signal <clk_div[22]_GND_1_o_add_1_OUT> created at line 47.
    Summary:
	inferred   1 Adder/Subtractor(s).
	inferred  29 D-type flip-flop(s).
Unit <mmind_top> synthesized.

Synthesizing Unit <mmind>.
    Related source file is "\\vlabfs.vlab.usc.edu\home$\xiaoxida\Documents\EE209Labs\mmind\mmind.v".
    Summary:
Unit <mmind> synthesized.

Synthesizing Unit <sevenseg_decoder>.
    Related source file is "\\vlabfs.vlab.usc.edu\home$\xiaoxida\Documents\EE209Labs\mmind\sevenseg_decoder.v".
    Summary:
	no macro.
Unit <sevenseg_decoder> synthesized.

Synthesizing Unit <mux8>.
    Related source file is "\\vlabfs.vlab.usc.edu\home$\xiaoxida\Documents\EE209Labs\mmind\mux8.v".
    Summary:
	no macro.
Unit <mux8> synthesized.

Synthesizing Unit <cntr4>.
    Related source file is "\\vlabfs.vlab.usc.edu\home$\xiaoxida\Documents\EE209Labs\mmind\cntr4.v".
    Summary:
	no macro.
Unit <cntr4> synthesized.

Synthesizing Unit <reg4e>.
    Related source file is "\\vlabfs.vlab.usc.edu\home$\xiaoxida\Documents\EE209Labs\mmind\reg4e.v".
    Summary:
	no macro.
Unit <reg4e> synthesized.

Synthesizing Unit <mux>.
    Related source file is "\\vlabfs.vlab.usc.edu\home$\xiaoxida\Documents\EE209Labs\mmind\mux.v".
    Summary:
	no macro.
Unit <mux> synthesized.

Synthesizing Unit <dff1>.
    Related source file is "\\vlabfs.vlab.usc.edu\home$\xiaoxida\Documents\EE209Labs\mmind\dff1.v".
    Found 1-bit register for signal <q>.
    Summary:
	inferred   1 D-type flip-flop(s).
Unit <dff1> synthesized.

Synthesizing Unit <inc4>.
    Related source file is "\\vlabfs.vlab.usc.edu\home$\xiaoxida\Documents\EE209Labs\mmind\inc4.v".
    Summary:
	no macro.
Unit <inc4> synthesized.

Synthesizing Unit <reg8e>.
    Related source file is "\\vlabfs.vlab.usc.edu\home$\xiaoxida\Documents\EE209Labs\mmind\reg8e.v".
    Summary:
	no macro.
Unit <reg8e> synthesized.

Synthesizing Unit <mmind_fsm>.
    Related source file is "\\vlabfs.vlab.usc.edu\home$\xiaoxida\Documents\EE209Labs\mmind\mmind_fsm.v".
    Summary:
	no macro.
Unit <mmind_fsm> synthesized.

=========================================================================
HDL Synthesis Report

Macro Statistics
# Adders/Subtractors                                   : 1
 23-bit adder                                          : 1
# Registers                                            : 25
 1-bit register                                        : 24
 23-bit register                                       : 1
# Xors                                                 : 1
 1-bit xor2                                            : 1

=========================================================================

=========================================================================
*                       Advanced HDL Synthesis                          *
=========================================================================

WARNING:Xst:1290 - Hierarchical block <d3> is unconnected in block <reg4e_1>.
   It will be removed from the design.
WARNING:Xst:1290 - Hierarchical block <mux_3> is unconnected in block <reg4e_1>.
   It will be removed from the design.

Synthesizing (advanced) Unit <mmind_top>.
The following registers are absorbed into counter <clk_div>: 1 register on signal <clk_div>.
Unit <mmind_top> synthesized (advanced).

=========================================================================
Advanced HDL Synthesis Report

Macro Statistics
# Counters                                             : 1
 23-bit up counter                                     : 1
# Registers                                            : 24
 Flip-Flops                                            : 24
# Xors                                                 : 1
 1-bit xor2                                            : 1

=========================================================================

=========================================================================
*                         Low Level Synthesis                           *
=========================================================================
WARNING:Xst:2677 - Node <clk_div_21> of sequential type is unconnected in block <mmind_top>.
WARNING:Xst:2677 - Node <clk_div_22> of sequential type is unconnected in block <mmind_top>.

Optimizing unit <mmind_top> ...

Optimizing unit <mmind> ...

Optimizing unit <reg4e> ...

Optimizing unit <mmind_fsm> ...
WARNING:Xst:2677 - Node <mymmind/cnt_selector/reg4e_1/d3/q> of sequential type is unconnected in block <mmind_top>.
WARNING:Xst:1710 - FF/Latch <mymmind/cnt_selector/reg4e_1/d1/q> (without init value) has a constant value of 0 in block <mmind_top>. This FF/Latch will be trimmed during the optimization process.
WARNING:Xst:1710 - FF/Latch <mymmind/cnt_selector/reg4e_1/d2/q> (without init value) has a constant value of 0 in block <mmind_top>. This FF/Latch will be trimmed during the optimization process.
WARNING:Xst:1710 - FF/Latch <mymmind/correct_cntr/reg4e_1/d1/q> (without init value) has a constant value of 0 in block <mmind_top>. This FF/Latch will be trimmed during the optimization process.
WARNING:Xst:1710 - FF/Latch <mymmind/correct_cntr/reg4e_1/d2/q> (without init value) has a constant value of 0 in block <mmind_top>. This FF/Latch will be trimmed during the optimization process.
WARNING:Xst:1710 - FF/Latch <mymmind/correct_cntr/reg4e_1/d3/q> (without init value) has a constant value of 0 in block <mmind_top>. This FF/Latch will be trimmed during the optimization process.
WARNING:Xst:2677 - Node <mymmind/ansreg/reg4e_a/d0/q> of sequential type is unconnected in block <mmind_top>.
WARNING:Xst:2677 - Node <mymmind/ansreg/reg4e_a/d1/q> of sequential type is unconnected in block <mmind_top>.
WARNING:Xst:2677 - Node <mymmind/ansreg/reg4e_a/d2/q> of sequential type is unconnected in block <mmind_top>.
WARNING:Xst:2677 - Node <mymmind/ansreg/reg4e_a/d3/q> of sequential type is unconnected in block <mmind_top>.
WARNING:Xst:2677 - Node <mymmind/ansreg/reg4e_b/d2/q> of sequential type is unconnected in block <mmind_top>.
WARNING:Xst:2677 - Node <mymmind/ansreg/reg4e_b/d3/q> of sequential type is unconnected in block <mmind_top>.

Mapping all equations...
Building and optimizing final netlist ...
Found area constraint ratio of 100 (+ 5) on block mmind_top, actual ratio is 0.

Final Macro Processing ...

=========================================================================
Final Register Report

Macro Statistics
# Registers                                            : 33
 Flip-Flops                                            : 33

=========================================================================

=========================================================================
*                           Partition Report                            *
=========================================================================

Partition Implementation Status
-------------------------------

  No Partitions were found in this design.

-------------------------------

=========================================================================
*                            Design Summary                             *
=========================================================================

Top Level Output File Name         : mmind_top.ngc

Primitive and Black Box Usage:
------------------------------
# BELS                             : 76
#      GND                         : 1
#      INV                         : 1
#      LUT1                        : 20
#      LUT2                        : 3
#      LUT3                        : 1
#      LUT4                        : 5
#      LUT5                        : 2
#      MUXCY                       : 20
#      MUXF7                       : 1
#      VCC                         : 1
#      XORCY                       : 21
# FlipFlops/Latches                : 33
#      FD                          : 29
#      FDR                         : 4
# Clock Buffers                    : 1
#      BUFGP                       : 1
# IO Buffers                       : 25
#      IBUF                        : 5
#      OBUF                        : 20

Device utilization summary:
---------------------------

Selected Device : 6slx16csg324-3 


Slice Logic Utilization: 
 Number of Slice Registers:              33  out of  18224     0%  
 Number of Slice LUTs:                   32  out of   9112     0%  
    Number used as Logic:                32  out of   9112     0%  

Slice Logic Distribution: 
 Number of LUT Flip Flop pairs used:     36
   Number with an unused Flip Flop:       3  out of     36     8%  
   Number with an unused LUT:             4  out of     36    11%  
   Number of fully used LUT-FF pairs:    29  out of     36    80%  
   Number of unique control sets:         3

IO Utilization: 
 Number of IOs:                          34
 Number of bonded IOBs:                  26  out of    232    11%  

Specific Feature Utilization:
 Number of BUFG/BUFGCTRLs:                1  out of     16     6%  

---------------------------
Partition Resource Summary:
---------------------------

  No Partitions were found in this design.

---------------------------


=========================================================================
Timing Report

NOTE: THESE TIMING NUMBERS ARE ONLY A SYNTHESIS ESTIMATE.
      FOR ACCURATE TIMING INFORMATION PLEASE REFER TO THE TRACE REPORT
      GENERATED AFTER PLACE-and-ROUTE.

Clock Information:
------------------
-----------------------------------+------------------------+-------+
Clock Signal                       | Clock buffer(FF name)  | Load  |
-----------------------------------+------------------------+-------+
clk_div_20                         | NONE(BTN1_Q1)          | 12    |
CLKPORT                            | BUFGP                  | 21    |
-----------------------------------+------------------------+-------+
INFO:Xst:2169 - HDL ADVISOR - Some clock signals were not automatically buffered by XST with BUFG/BUFR resources. Please use the buffer_type constraint in order to insert these buffers to the clock signals to help prevent skew problems.

Asynchronous Control Signals Information:
----------------------------------------
No asynchronous control signals found in this design

Timing Summary:
---------------
Speed Grade: -3

   Minimum period: 2.868ns (Maximum Frequency: 348.724MHz)
   Minimum input arrival time before clock: 3.401ns
   Maximum output required time after clock: 3.762ns
   Maximum combinational path delay: No path found

Timing Details:
---------------
All values displayed in nanoseconds (ns)

=========================================================================
Timing constraint: Default period analysis for Clock 'clk_div_20'
  Clock period: 2.868ns (frequency: 348.724MHz)
  Total number of paths / destination ports: 34 / 10
-------------------------------------------------------------------------
Delay:               2.868ns (Levels of Logic = 3)
  Source:            mymmind/correct_cntr/reg4e_1/d0/q (FF)
  Destination:       mymmind/correct_cntr/reg4e_1/d0/q (FF)
  Source Clock:      clk_div_20 rising
  Destination Clock: clk_div_20 rising

  Data Path: mymmind/correct_cntr/reg4e_1/d0/q to mymmind/correct_cntr/reg4e_1/d0/q
                                Gate     Net
    Cell:in->out      fanout   Delay   Delay  Logical Name (Net Name)
    ----------------------------------------  ------------
     FD:C->Q               6   0.447   1.089  mymmind/correct_cntr/reg4e_1/d0/q (mymmind/correct_cntr/reg4e_1/d0/q)
     LUT5:I0->O            1   0.203   0.000  mymmind/correct_cntr/reg4e_1/mux_0/Y1_G (N6)
     MUXF7:I1->O           1   0.140   0.684  mymmind/correct_cntr/reg4e_1/mux_0/Y1 (mymmind/correct_cntr/reg4e_1/d_in<0>)
     LUT2:I0->O            1   0.203   0.000  mymmind/correct_cntr/reg4e_1/d0/q_rstpot (mymmind/correct_cntr/reg4e_1/d0/q_rstpot)
     FD:D                      0.102          mymmind/correct_cntr/reg4e_1/d0/q
    ----------------------------------------
    Total                      2.868ns (1.095ns logic, 1.773ns route)
                                       (38.2% logic, 61.8% route)

=========================================================================
Timing constraint: Default period analysis for Clock 'CLKPORT'
  Clock period: 2.047ns (frequency: 488.555MHz)
  Total number of paths / destination ports: 231 / 21
-------------------------------------------------------------------------
Delay:               2.047ns (Levels of Logic = 22)
  Source:            clk_div_0 (FF)
  Destination:       clk_div_20 (FF)
  Source Clock:      CLKPORT rising
  Destination Clock: CLKPORT rising

  Data Path: clk_div_0 to clk_div_20
                                Gate     Net
    Cell:in->out      fanout   Delay   Delay  Logical Name (Net Name)
    ----------------------------------------  ------------
     FD:C->Q               1   0.447   0.579  clk_div_0 (clk_div_0)
     INV:I->O              1   0.206   0.000  Mcount_clk_div_lut<0>_INV_0 (Mcount_clk_div_lut<0>)
     MUXCY:S->O            1   0.172   0.000  Mcount_clk_div_cy<0> (Mcount_clk_div_cy<0>)
     MUXCY:CI->O           1   0.019   0.000  Mcount_clk_div_cy<1> (Mcount_clk_div_cy<1>)
     MUXCY:CI->O           1   0.019   0.000  Mcount_clk_div_cy<2> (Mcount_clk_div_cy<2>)
     MUXCY:CI->O           1   0.019   0.000  Mcount_clk_div_cy<3> (Mcount_clk_div_cy<3>)
     MUXCY:CI->O           1   0.019   0.000  Mcount_clk_div_cy<4> (Mcount_clk_div_cy<4>)
     MUXCY:CI->O           1   0.019   0.000  Mcount_clk_div_cy<5> (Mcount_clk_div_cy<5>)
     MUXCY:CI->O           1   0.019   0.000  Mcount_clk_div_cy<6> (Mcount_clk_div_cy<6>)
     MUXCY:CI->O           1   0.019   0.000  Mcount_clk_div_cy<7> (Mcount_clk_div_cy<7>)
     MUXCY:CI->O           1   0.019   0.000  Mcount_clk_div_cy<8> (Mcount_clk_div_cy<8>)
     MUXCY:CI->O           1   0.019   0.000  Mcount_clk_div_cy<9> (Mcount_clk_div_cy<9>)
     MUXCY:CI->O           1   0.019   0.000  Mcount_clk_div_cy<10> (Mcount_clk_div_cy<10>)
     MUXCY:CI->O           1   0.019   0.000  Mcount_clk_div_cy<11> (Mcount_clk_div_cy<11>)
     MUXCY:CI->O           1   0.019   0.000  Mcount_clk_div_cy<12> (Mcount_clk_div_cy<12>)
     MUXCY:CI->O           1   0.019   0.000  Mcount_clk_div_cy<13> (Mcount_clk_div_cy<13>)
     MUXCY:CI->O           1   0.019   0.000  Mcount_clk_div_cy<14> (Mcount_clk_div_cy<14>)
     MUXCY:CI->O           1   0.019   0.000  Mcount_clk_div_cy<15> (Mcount_clk_div_cy<15>)
     MUXCY:CI->O           1   0.019   0.000  Mcount_clk_div_cy<16> (Mcount_clk_div_cy<16>)
     MUXCY:CI->O           1   0.019   0.000  Mcount_clk_div_cy<17> (Mcount_clk_div_cy<17>)
     MUXCY:CI->O           1   0.019   0.000  Mcount_clk_div_cy<18> (Mcount_clk_div_cy<18>)
     MUXCY:CI->O           0   0.019   0.000  Mcount_clk_div_cy<19> (Mcount_clk_div_cy<19>)
     XORCY:CI->O           1   0.180   0.000  Mcount_clk_div_xor<20> (Result<20>)
     FD:D                      0.102          clk_div_20
    ----------------------------------------
    Total                      2.047ns (1.468ns logic, 0.579ns route)
                                       (71.7% logic, 28.3% route)

=========================================================================
Timing constraint: Default OFFSET IN BEFORE for Clock 'clk_div_20'
  Total number of paths / destination ports: 12 / 10
-------------------------------------------------------------------------
Offset:              3.401ns (Levels of Logic = 4)
  Source:            sw<1> (PAD)
  Destination:       mymmind/correct_cntr/reg4e_1/d0/q (FF)
  Destination Clock: clk_div_20 rising

  Data Path: sw<1> to mymmind/correct_cntr/reg4e_1/d0/q
                                Gate     Net
    Cell:in->out      fanout   Delay   Delay  Logical Name (Net Name)
    ----------------------------------------  ------------
     IBUF:I->O             2   1.222   0.845  sw_1_IBUF (sw_1_IBUF)
     LUT5:I2->O            1   0.205   0.000  mymmind/correct_cntr/reg4e_1/mux_0/Y1_G (N6)
     MUXF7:I1->O           1   0.140   0.684  mymmind/correct_cntr/reg4e_1/mux_0/Y1 (mymmind/correct_cntr/reg4e_1/d_in<0>)
     LUT2:I0->O            1   0.203   0.000  mymmind/correct_cntr/reg4e_1/d0/q_rstpot (mymmind/correct_cntr/reg4e_1/d0/q_rstpot)
     FD:D                      0.102          mymmind/correct_cntr/reg4e_1/d0/q
    ----------------------------------------
    Total                      3.401ns (1.872ns logic, 1.529ns route)
                                       (55.0% logic, 45.0% route)

=========================================================================
Timing constraint: Default OFFSET OUT AFTER for Clock 'clk_div_20'
  Total number of paths / destination ports: 4 / 4
-------------------------------------------------------------------------
Offset:              3.762ns (Levels of Logic = 1)
  Source:            mymmind/correct_cntr/reg4e_1/d0/q (FF)
  Destination:       CA (PAD)
  Source Clock:      clk_div_20 rising

  Data Path: mymmind/correct_cntr/reg4e_1/d0/q to CA
                                Gate     Net
    Cell:in->out      fanout   Delay   Delay  Logical Name (Net Name)
    ----------------------------------------  ------------
     FD:C->Q               6   0.447   0.744  mymmind/correct_cntr/reg4e_1/d0/q (mymmind/correct_cntr/reg4e_1/d0/q)
     OBUF:I->O                 2.571          CA_OBUF (CA)
    ----------------------------------------
    Total                      3.762ns (3.018ns logic, 0.744ns route)
                                       (80.2% logic, 19.8% route)

=========================================================================

Cross Clock Domains Report:
--------------------------

Clock to Setup on destination clock CLKPORT
---------------+---------+---------+---------+---------+
               | Src:Rise| Src:Fall| Src:Rise| Src:Fall|
Source Clock   |Dest:Rise|Dest:Rise|Dest:Fall|Dest:Fall|
---------------+---------+---------+---------+---------+
CLKPORT        |    2.047|         |         |         |
---------------+---------+---------+---------+---------+

Clock to Setup on destination clock clk_div_20
---------------+---------+---------+---------+---------+
               | Src:Rise| Src:Fall| Src:Rise| Src:Fall|
Source Clock   |Dest:Rise|Dest:Rise|Dest:Fall|Dest:Fall|
---------------+---------+---------+---------+---------+
clk_div_20     |    2.868|         |         |         |
---------------+---------+---------+---------+---------+

=========================================================================


Total REAL time to Xst completion: 19.00 secs
Total CPU time to Xst completion: 19.49 secs
 
--> 

Total memory usage is 282508 kilobytes

Number of errors   :    0 (   0 filtered)
Number of warnings :   19 (   0 filtered)
Number of infos    :    1 (   0 filtered)

