ISim log file
Running: U:\Documents\EE209Labs\lfsr\lfsr_tb_isim_beh.exe -intstyle ise -gui -tclbatch isim.cmd -view U:/Documents/EE209Labs/lfsr/lfsr.wcfg -wdb U:/Documents/EE209Labs/lfsr/lfsr_tb_isim_beh.wdb 
ISim P.20131013 (signature 0x7708f090)
----------------------------------------------------------------------
INFO:Security:51 - The XILINXD_LICENSE_FILE environment variable is not set.
INFO:Security:52 - The LM_LICENSE_FILE environment variable is set to '1713@ics-license.usc.edu; 1715@lic-modelsim.usc.edu'.
WARNING:Security:43 - No license file was found in the standard Xilinx license directory.
WARNING:Security:44 - Since no license file was found,
       please run the Xilinx License Configuration Manager
       (xlcm or "Manage Xilinx Licenses")
       to assist in obtaining a license.
WARNING:Security:42 - Your software subscription period has lapsed. Your current version of Xilinx tools will continue to function, but you no longer qualify for Xilinx software updates or new releases.


----------------------------------------------------------------------
This is a Full version of ISim.
WARNING: File "//vlabfs.vlab.usc.edu/home$/xiaoxida/Documents/EE209Labs/lfsr/lfsr.v" Line 34.  For instance encryptor/mux8_0/, width 8 of formal port I is not equal to width 9 of actual signal lfsr.
WARNING: File "//vlabfs.vlab.usc.edu/home$/xiaoxida/Documents/EE209Labs/lfsr/lfsr.v" Line 34.  For instance decryptor/mux8_0/, width 8 of formal port I is not equal to width 9 of actual signal lfsr.
Time resolution is 1 ps
# onerror resume
# run 700 ns
Simulator is doing circuit initialization process.
Finished circuit initialization process.
The simulator has terminated in an unexpected manner.  Please review the ISim log (isim.log) for details.
