--------------------------------------------------------------------------------
Release 14.7 Trace  (nt64)
Copyright (c) 1995-2013 Xilinx, Inc.  All rights reserved.

C:\Xilinx\14.7\ISE_DS\ISE\bin\nt64\unwrapped\trce.exe -intstyle ise -v 3 -s 3
-n 3 -fastpaths -xml cwalk_top.twx cwalk_top.ncd -o cwalk_top.twr cwalk_top.pcf
-ucf Nexys3_master.ucf

Design file:              cwalk_top.ncd
Physical constraint file: cwalk_top.pcf
Device,package,speed:     xc6slx16,csg324,C,-3 (PRODUCTION 1.23 2013-10-13)
Report level:             verbose report

Environment Variable      Effect 
--------------------      ------ 
NONE                      No environment variables were set
--------------------------------------------------------------------------------

INFO:Timing:2698 - No timing constraints found, doing default enumeration.
INFO:Timing:3412 - To improve timing, see the Timing Closure User Guide (UG612).
INFO:Timing:2752 - To get complete path coverage, use the unconstrained paths 
   option. All paths that are not constrained will be reported in the 
   unconstrained paths section(s) of the report.
INFO:Timing:3339 - The clock-to-out numbers in this timing report are based on 
   a 50 Ohm transmission line loading model.  For the details of this model, 
   and for more information on accounting for different loading conditions, 
   please see the device datasheet.



Data Sheet report:
-----------------
All values displayed in nanoseconds (ns)

Clock CLKPORT to Pad
------------+-----------------+------------+-----------------+------------+------------------+--------+
            |Max (slowest) clk|  Process   |Min (fastest) clk|  Process   |                  | Clock  |
Destination |  (edge) to PAD  |   Corner   |  (edge) to PAD  |   Corner   |Internal Clock(s) | Phase  |
------------+-----------------+------------+-----------------+------------+------------------+--------+
CA          |         9.269(R)|      SLOW  |         4.995(R)|      FAST  |CLKPORT_BUFGP     |   0.000|
CB          |         9.280(R)|      SLOW  |         5.069(R)|      FAST  |CLKPORT_BUFGP     |   0.000|
CC          |         9.833(R)|      SLOW  |         5.411(R)|      FAST  |CLKPORT_BUFGP     |   0.000|
CD          |         9.351(R)|      SLOW  |         5.202(R)|      FAST  |CLKPORT_BUFGP     |   0.000|
CE          |         9.932(R)|      SLOW  |         5.458(R)|      FAST  |CLKPORT_BUFGP     |   0.000|
CF          |         9.673(R)|      SLOW  |         5.295(R)|      FAST  |CLKPORT_BUFGP     |   0.000|
CG          |         9.982(R)|      SLOW  |         5.587(R)|      FAST  |CLKPORT_BUFGP     |   0.000|
an<0>       |         8.925(R)|      SLOW  |         4.923(R)|      FAST  |CLKPORT_BUFGP     |   0.000|
an<1>       |         9.247(R)|      SLOW  |         5.069(R)|      FAST  |CLKPORT_BUFGP     |   0.000|
an<3>       |         8.983(R)|      SLOW  |         4.978(R)|      FAST  |CLKPORT_BUFGP     |   0.000|
led<7>      |         9.157(R)|      SLOW  |         5.200(R)|      FAST  |CLKPORT_BUFGP     |   0.000|
------------+-----------------+------------+-----------------+------------+------------------+--------+

Clock to Setup on destination clock CLKPORT
---------------+---------+---------+---------+---------+
               | Src:Rise| Src:Fall| Src:Rise| Src:Fall|
Source Clock   |Dest:Rise|Dest:Rise|Dest:Fall|Dest:Fall|
---------------+---------+---------+---------+---------+
CLKPORT        |    2.006|         |         |         |
---------------+---------+---------+---------+---------+


Analysis completed Thu Mar 09 15:54:45 2017 
--------------------------------------------------------------------------------

Trace Settings:
-------------------------
Trace Settings 

Peak Memory Usage: 247 MB



