Running: fuse.exe -relaunch -intstyle "ise" -incremental -lib "unisims_ver" -lib "unimacro_ver" -lib "xilinxcorelib_ver" -lib "secureip" -o "U:/Documents/EE209Labs/heap1/heap_tb_isim_beh.exe" -prj "U:/Documents/EE209Labs/heap1/heap_tb_beh.prj" "work.heap_tb" "work.glbl" 
ISim P.20131013 (signature 0x7708f090)
Number of CPUs detected in this system: 2
Turning on mult-threading, number of parallel sub-compilation jobs: 4 
Determining compilation order of HDL files
Analyzing Verilog file "U:/Documents/EE209Labs/heap1/reg8e.v" into library work
Analyzing Verilog file "U:/Documents/EE209Labs/heap1/dff1s.v" into library work
Analyzing Verilog file "U:/Documents/EE209Labs/heap1/ctrlpush.v" into library work
Analyzing Verilog file "U:/Documents/EE209Labs/heap1/pe4_2.v" into library work
Analyzing Verilog file "U:/Documents/EE209Labs/heap1/mux3_8bit.v" into library work
Analyzing Verilog file "U:/Documents/EE209Labs/heap1/mem256x8.v" into library work
Analyzing Verilog file "U:/Documents/EE209Labs/heap1/ctrlpop.v" into library work
Analyzing Verilog file "U:/Documents/EE209Labs/heap1/cntr8.v" into library work
Analyzing Verilog file "U:/Documents/EE209Labs/heap1/heap.v" into library work
Analyzing Verilog file "U:/Documents/EE209Labs/heap1/heap_tb.v" into library work
Analyzing Verilog file "C:/Xilinx/14.7/ISE_DS/ISE//verilog/src/glbl.v" into library work
Starting static elaboration
Completed static elaboration
Compiling module cntr8
Compiling module mem256x8
Compiling module pe4_2
Compiling module mux3_8bit
Compiling module dff1s
Compiling module reg8e
Compiling module mux21_8bit
Compiling module ctrlpush
Compiling module ctrlpop
Compiling module heap
Compiling module heap_tb
Compiling module glbl
Time Resolution for simulation is 1ps.
Waiting for 1 sub-compilation(s) to finish...
Compiled 12 Verilog Units
Built simulation executable U:/Documents/EE209Labs/heap1/heap_tb_isim_beh.exe
Fuse Memory Usage: 29376 KB
Fuse CPU Usage: 749 ms
