Running: C:\Xilinx\14.7\ISE_DS\ISE\bin\nt64\unwrapped\fuse.exe -intstyle ise -incremental -lib unisims_ver -lib unimacro_ver -lib xilinxcorelib_ver -o U:/Documents/EE209Labs/hw4/hw4q4_tb_isim_beh.exe -prj U:/Documents/EE209Labs/hw4/hw4q4_tb_beh.prj work.hw4q4_tb work.glbl 
ISim P.20131013 (signature 0x7708f090)
Number of CPUs detected in this system: 2
Turning on mult-threading, number of parallel sub-compilation jobs: 4 
Determining compilation order of HDL files
Analyzing Verilog file "U:/Documents/EE209Labs/hw4/fa.v" into library work
Analyzing Verilog file "U:/Documents/EE209Labs/hw4/adder4.v" into library work
Analyzing Verilog file "U:/Documents/EE209Labs/hw4/hw4_q4.v" into library work
Analyzing Verilog file "U:/Documents/EE209Labs/hw4/hw4_q4_tb.v" into library work
Analyzing Verilog file "C:/Xilinx/14.7/ISE_DS/ISE//verilog/src/glbl.v" into library work
Starting static elaboration
Completed static elaboration
Compiling module adder4
Compiling module fa
Compiling module hw4_q4
Compiling module hw4q4_tb
Compiling module glbl
Time Resolution for simulation is 1ps.
Compiled 5 Verilog Units
Built simulation executable U:/Documents/EE209Labs/hw4/hw4q4_tb_isim_beh.exe
Fuse Memory Usage: 28520 KB
Fuse CPU Usage: 593 ms
